2024-12-18 13:55:29,788 - INFO - Analyzing file: /tmp/tmpi9o5nnlq/Member.java
2024-12-18 13:55:29,802 - INFO - Analysis reports generated: MyApp_code_analysis_20241218_135529.json and MyApp_code_analysis_20241218_135529.html
2024-12-18 14:06:10,211 - INFO - Analyzing file: /tmp/tmp4yp8ycli/Member.java
2024-12-18 14:06:10,220 - INFO - Analysis reports generated: MyApp_code_analysis_20241218_140610.json and MyApp_code_analysis_20241218_140610.html
2024-12-18 17:36:01,267 - INFO - Analyzing file: /tmp/tmpd6566hpo/Member.java
2024-12-18 17:36:01,274 - INFO - Analysis reports generated: MyApp_code_analysis_20241218_173601.json and MyApp_code_analysis_20241218_173601.html
2025-01-08 13:40:52,313 - INFO - Analyzing file: /tmp/tmpgw_4yhqh/EmployeeEndpoint.java
2025-01-08 13:40:52,332 - INFO - Analysis reports generated: MyApp_code_analysis_20250108_134052.json and MyApp_code_analysis_20250108_134052.html
2025-01-08 23:54:42,923 - INFO - Analyzing file: /tmp/tmp2bla4rea/EmployeeEndpoint.java
2025-01-08 23:54:42,924 - ERROR - Error analyzing file /tmp/tmp2bla4rea/EmployeeEndpoint.java: CodeAnalyzer.is_comment_line() takes 2 positional arguments but 3 were given
2025-01-08 23:54:42,926 - INFO - Analysis reports generated: MyApp_code_analysis_20250108_235442.json and MyApp_code_analysis_20250108_235442.html
2025-01-08 23:57:00,580 - INFO - Analyzing file: /tmp/tmprg4b1id9/BackendService.java
2025-01-08 23:57:00,580 - ERROR - Error analyzing file /tmp/tmprg4b1id9/BackendService.java: CodeAnalyzer.is_comment_line() takes 2 positional arguments but 3 were given
2025-01-08 23:57:00,582 - INFO - Analysis reports generated: MyApp_code_analysis_20250108_235700.json and MyApp_code_analysis_20250108_235700.html
2025-01-09 00:25:54,178 - INFO - Analyzing file: /tmp/tmp5nqduedo/EmployeeEndpoint.java
2025-01-09 00:25:54,179 - ERROR - Error analyzing file /tmp/tmp5nqduedo/EmployeeEndpoint.java: CodeAnalyzer.is_comment_line() takes 2 positional arguments but 3 were given
2025-01-09 00:25:54,180 - INFO - Analysis reports generated: MyApp_code_analysis_20250109_002554.json and MyApp_code_analysis_20250109_002554.html
2025-01-09 00:29:09,170 - INFO - Analyzing file: /tmp/tmpuf3_umy1/BackendService.java
2025-01-09 00:29:09,173 - ERROR - Error analyzing file /tmp/tmpuf3_umy1/BackendService.java: CodeAnalyzer.is_comment_line() takes 2 positional arguments but 3 were given
2025-01-09 00:29:09,178 - INFO - Analysis reports generated: MyApp_code_analysis_20250109_002909.json and MyApp_code_analysis_20250109_002909.html
2025-01-09 00:29:20,909 - INFO - Analyzing file: /tmp/tmp5iwwroti/BackendService.java
2025-01-09 00:29:20,909 - ERROR - Error analyzing file /tmp/tmp5iwwroti/BackendService.java: CodeAnalyzer.is_comment_line() takes 2 positional arguments but 3 were given
2025-01-09 00:29:20,909 - INFO - Analyzing file: /tmp/tmp5iwwroti/EmployeeEndpoint.java
2025-01-09 00:29:20,910 - ERROR - Error analyzing file /tmp/tmp5iwwroti/EmployeeEndpoint.java: CodeAnalyzer.is_comment_line() takes 2 positional arguments but 3 were given
2025-01-09 00:29:20,911 - INFO - Analysis reports generated: MyApp_code_analysis_20250109_002920.json and MyApp_code_analysis_20250109_002920.html
2025-01-09 00:29:34,490 - INFO - Analyzing file: /tmp/tmpqxyj2t22/BackendService.java
2025-01-09 00:29:34,491 - ERROR - Error analyzing file /tmp/tmpqxyj2t22/BackendService.java: CodeAnalyzer.is_comment_line() takes 2 positional arguments but 3 were given
2025-01-09 00:29:34,491 - INFO - Analyzing file: /tmp/tmpqxyj2t22/EmployeeEndpoint.java
2025-01-09 00:29:34,491 - ERROR - Error analyzing file /tmp/tmpqxyj2t22/EmployeeEndpoint.java: CodeAnalyzer.is_comment_line() takes 2 positional arguments but 3 were given
2025-01-09 00:29:34,492 - INFO - Analysis reports generated: MyApp_code_analysis_20250109_002934.json and MyApp_code_analysis_20250109_002934.html
2025-01-09 00:30:56,600 - INFO - Analyzing file: /tmp/tmpe3o_8z13/EmployeeEndpoint.java
2025-01-09 00:30:56,604 - ERROR - Error analyzing file /tmp/tmpe3o_8z13/EmployeeEndpoint.java: CodeAnalyzer.is_comment_line() takes 2 positional arguments but 3 were given
2025-01-09 00:30:56,604 - INFO - Analysis reports generated: MyApp_code_analysis_20250109_003056.json and MyApp_code_analysis_20250109_003056.html
2025-01-09 00:34:01,378 - INFO - Analyzing file: /tmp/tmptpq3xx3t/EmployeeEndpoint.java
2025-01-09 00:34:01,378 - ERROR - Error analyzing file /tmp/tmptpq3xx3t/EmployeeEndpoint.java: CodeAnalyzer.is_comment_line() takes 2 positional arguments but 3 were given
2025-01-09 00:34:01,380 - INFO - Analysis reports generated: MyApp_code_analysis_20250109_003401.json and MyApp_code_analysis_20250109_003401.html
